Determining if the pthread_create exist failed with the following output:
Change Dir: /home/kx/project/3D/3D_loop_closure_detection/3D_dl_lc/prepare_data/KITTI/cpp/build/CMakeFiles/CMakeTmp

Run Build Command:"/usr/bin/make" "cmTC_a9758/fast"
/usr/bin/make -f CMakeFiles/cmTC_a9758.dir/build.make CMakeFiles/cmTC_a9758.dir/build
make[1]: Entering directory '/home/kx/project/3D/3D_loop_closure_detection/3D_dl_lc/prepare_data/KITTI/cpp/build/CMakeFiles/CMakeTmp'
Building C object CMakeFiles/cmTC_a9758.dir/CheckSymbolExists.c.o
/usr/bin/cc     -o CMakeFiles/cmTC_a9758.dir/CheckSymbolExists.c.o   -c /home/kx/project/3D/3D_loop_closure_detection/3D_dl_lc/prepare_data/KITTI/cpp/build/CMakeFiles/CMakeTmp/CheckSymbolExists.c
Linking C executable cmTC_a9758
/usr/bin/cmake -E cmake_link_script CMakeFiles/cmTC_a9758.dir/link.txt --verbose=1
/usr/bin/cc       CMakeFiles/cmTC_a9758.dir/CheckSymbolExists.c.o  -o cmTC_a9758 
CMakeFiles/cmTC_a9758.dir/CheckSymbolExists.c.o：在函数‘main’中：
CheckSymbolExists.c:(.text+0x16)：对‘pthread_create’未定义的引用
collect2: error: ld returned 1 exit status
CMakeFiles/cmTC_a9758.dir/build.make:97: recipe for target 'cmTC_a9758' failed
make[1]: *** [cmTC_a9758] Error 1
make[1]: Leaving directory '/home/kx/project/3D/3D_loop_closure_detection/3D_dl_lc/prepare_data/KITTI/cpp/build/CMakeFiles/CMakeTmp'
Makefile:126: recipe for target 'cmTC_a9758/fast' failed
make: *** [cmTC_a9758/fast] Error 2

File /home/kx/project/3D/3D_loop_closure_detection/3D_dl_lc/prepare_data/KITTI/cpp/build/CMakeFiles/CMakeTmp/CheckSymbolExists.c:
/* */
#include <pthread.h>

int main(int argc, char** argv)
{
  (void)argv;
#ifndef pthread_create
  return ((int*)(&pthread_create))[argc];
#else
  (void)argc;
  return 0;
#endif
}

Determining if the function pthread_create exists in the pthreads failed with the following output:
Change Dir: /home/kx/project/3D/3D_loop_closure_detection/3D_dl_lc/prepare_data/KITTI/cpp/build/CMakeFiles/CMakeTmp

Run Build Command:"/usr/bin/make" "cmTC_a5fc8/fast"
/usr/bin/make -f CMakeFiles/cmTC_a5fc8.dir/build.make CMakeFiles/cmTC_a5fc8.dir/build
make[1]: Entering directory '/home/kx/project/3D/3D_loop_closure_detection/3D_dl_lc/prepare_data/KITTI/cpp/build/CMakeFiles/CMakeTmp'
Building C object CMakeFiles/cmTC_a5fc8.dir/CheckFunctionExists.c.o
/usr/bin/cc    -DCHECK_FUNCTION_EXISTS=pthread_create   -o CMakeFiles/cmTC_a5fc8.dir/CheckFunctionExists.c.o   -c /usr/share/cmake-3.5/Modules/CheckFunctionExists.c
Linking C executable cmTC_a5fc8
/usr/bin/cmake -E cmake_link_script CMakeFiles/cmTC_a5fc8.dir/link.txt --verbose=1
/usr/bin/cc   -DCHECK_FUNCTION_EXISTS=pthread_create    CMakeFiles/cmTC_a5fc8.dir/CheckFunctionExists.c.o  -o cmTC_a5fc8 -lpthreads 
/usr/bin/ld: 找不到 -lpthreads
collect2: error: ld returned 1 exit status
CMakeFiles/cmTC_a5fc8.dir/build.make:97: recipe for target 'cmTC_a5fc8' failed
make[1]: *** [cmTC_a5fc8] Error 1
make[1]: Leaving directory '/home/kx/project/3D/3D_loop_closure_detection/3D_dl_lc/prepare_data/KITTI/cpp/build/CMakeFiles/CMakeTmp'
Makefile:126: recipe for target 'cmTC_a5fc8/fast' failed
make: *** [cmTC_a5fc8/fast] Error 2


